<?xml version="1.0" encoding="UTF-8"?>
<!-- Generated by org.testng.reporters.JUnitXMLReporter -->
<testsuite hostname="BLRL79035" ignored="0" name="Default test" tests="4" failures="0" timestamp="07 Jul 2020 15:26:29 GMT" time="24.457" errors="0">
  <testcase name="testCase" time="7.627" classname="Tests.TestCase1"/>
  <testcase name="testCase" time="3.223" classname="Tests.TestCase1"/>
  <testcase name="testCase" time="3.394" classname="Tests.TestCase1"/>
  <testcase name="testCase" time="3.388" classname="Tests.TestCase1"/>
</testsuite> <!-- Default test -->
