<?xml version="1.0" encoding="UTF-8"?>
<testng-results skipped="0" failed="0" ignored="0" total="4" passed="4">
  <reporter-output>
  </reporter-output>
  <suite name="Default suite" duration-ms="24457" started-at="2020-07-07T15:26:04Z" finished-at="2020-07-07T15:26:29Z">
    <groups>
    </groups>
    <test name="Default test" duration-ms="24457" started-at="2020-07-07T15:26:04Z" finished-at="2020-07-07T15:26:29Z">
      <class name="Tests.TestCase1">
        <test-method status="PASS" signature="setUp()[pri:0, instance:Tests.TestCase1@204f30ec]" name="setUp" is-config="true" duration-ms="3135" started-at="2020-07-07T20:56:04Z" finished-at="2020-07-07T20:56:08Z">
          <reporter-output>
          </reporter-output>
        </test-method> <!-- setUp -->
        <test-method status="PASS" signature="testCase(java.util.function.Consumer)[pri:0, instance:Tests.TestCase1@204f30ec]" name="testCase" duration-ms="7627" started-at="2020-07-07T20:56:08Z" data-provider="testData" finished-at="2020-07-07T20:56:15Z">
          <params>
            <param index="0">
              <value>
                <![CDATA[java.util.function.Consumer$$Lambda$257/1453062635@7e809b79]]>
              </value>
            </param>
          </params>
          <reporter-output>
          </reporter-output>
        </test-method> <!-- testCase -->
        <test-method status="PASS" signature="testCase(java.util.function.Consumer)[pri:0, instance:Tests.TestCase1@204f30ec]" name="testCase" duration-ms="3223" started-at="2020-07-07T20:56:15Z" data-provider="testData" finished-at="2020-07-07T20:56:19Z">
          <params>
            <param index="0">
              <value>
                <![CDATA[java.util.function.Consumer$$Lambda$257/1453062635@669513d8]]>
              </value>
            </param>
          </params>
          <reporter-output>
          </reporter-output>
        </test-method> <!-- testCase -->
        <test-method status="PASS" signature="testCase(java.util.function.Consumer)[pri:0, instance:Tests.TestCase1@204f30ec]" name="testCase" duration-ms="3394" started-at="2020-07-07T20:56:19Z" data-provider="testData" finished-at="2020-07-07T20:56:22Z">
          <params>
            <param index="0">
              <value>
                <![CDATA[java.util.function.Consumer$$Lambda$257/1453062635@3b9d6699]]>
              </value>
            </param>
          </params>
          <reporter-output>
          </reporter-output>
        </test-method> <!-- testCase -->
        <test-method status="PASS" signature="testCase(java.util.function.Consumer)[pri:0, instance:Tests.TestCase1@204f30ec]" name="testCase" duration-ms="3388" started-at="2020-07-07T20:56:22Z" data-provider="testData" finished-at="2020-07-07T20:56:25Z">
          <params>
            <param index="0">
              <value>
                <![CDATA[java.util.function.Consumer$$Lambda$257/1453062635@77cf3f8b]]>
              </value>
            </param>
          </params>
          <reporter-output>
          </reporter-output>
        </test-method> <!-- testCase -->
        <test-method status="PASS" signature="tearDwon()[pri:0, instance:Tests.TestCase1@204f30ec]" name="tearDwon" is-config="true" duration-ms="3638" started-at="2020-07-07T20:56:25Z" finished-at="2020-07-07T20:56:29Z">
          <reporter-output>
          </reporter-output>
        </test-method> <!-- tearDwon -->
      </class> <!-- Tests.TestCase1 -->
    </test> <!-- Default test -->
  </suite> <!-- Default suite -->
</testng-results>
